<?xml version="1.0" encoding="UTF-8"?>
<robot generator="Robot 4.1.2 (Python 3.10.0 on win32)" generated="20211027 19:25:29.539" rpa="false" schemaversion="2">
<suite id="s1" name="For" source="C:\Users\Maleski\OneDrive\Área de Trabalho\QA\luis.maleski_prime_experts\for">
<suite id="s1-s1" name="Test For" source="C:\Users\Maleski\OneDrive\Área de Trabalho\QA\luis.maleski_prime_experts\for\test_for.robot">
<test id="s1-s1-t1" name="Cenario: contando numeros em um determinado 'range'">
<kw name="contando de &quot;0&quot; ate &quot;10&quot;" library="resource" sourcename="contando de &quot;${num_init}&quot; ate &quot;${num_final}&quot;">
<msg timestamp="20211027 19:25:29.567" level="TRACE">Arguments: [ ${num_init}='0' | ${num_final}='10' ]</msg>
<for>
<var>${num}</var>
<var>IN range</var>
<var>${num_init}</var>
<var>${num_final}</var>
<msg timestamp="20211027 19:25:29.567" level="FAIL">FOR loop has no 'IN' or other valid separator.</msg>
<status status="FAIL" starttime="20211027 19:25:29.567" endtime="20211027 19:25:29.567"/>
</for>
<status status="FAIL" starttime="20211027 19:25:29.566" endtime="20211027 19:25:29.567"/>
</kw>
<status status="FAIL" starttime="20211027 19:25:29.566" endtime="20211027 19:25:29.568">FOR loop has no 'IN' or other valid separator.</status>
</test>
<test id="s1-s1-t2" name="Cenario: falando os paises nos quais ja vizitamos">
<kw name="contando em que pais viajamos" library="resource">
<msg timestamp="20211027 19:25:29.569" level="TRACE">Arguments: [  ]</msg>
<for flavor="IN">
<var>${pais}</var>
<value>@{lista_pais}</value>
<iter>
<var name="${pais}">Franca</var>
<kw name="Log To Console" library="BuiltIn">
<arg>\n ja viajamos por</arg>
<arg>${pais} \n</arg>
<doc>Logs the given message to the console.</doc>
<msg timestamp="20211027 19:25:29.570" level="TRACE">Arguments: [ '\n ja viajamos por' | 'Franca \n' ]</msg>
<msg timestamp="20211027 19:25:29.570" level="TRACE">Return: None</msg>
<status status="PASS" starttime="20211027 19:25:29.569" endtime="20211027 19:25:29.570"/>
</kw>
<status status="PASS" starttime="20211027 19:25:29.569" endtime="20211027 19:25:29.570"/>
</iter>
<iter>
<var name="${pais}">Africa</var>
<kw name="Log To Console" library="BuiltIn">
<arg>\n ja viajamos por</arg>
<arg>${pais} \n</arg>
<doc>Logs the given message to the console.</doc>
<msg timestamp="20211027 19:25:29.570" level="TRACE">Arguments: [ '\n ja viajamos por' | 'Africa \n' ]</msg>
<msg timestamp="20211027 19:25:29.570" level="TRACE">Return: None</msg>
<status status="PASS" starttime="20211027 19:25:29.570" endtime="20211027 19:25:29.570"/>
</kw>
<status status="PASS" starttime="20211027 19:25:29.570" endtime="20211027 19:25:29.570"/>
</iter>
<iter>
<var name="${pais}">Bolivia</var>
<kw name="Log To Console" library="BuiltIn">
<arg>\n ja viajamos por</arg>
<arg>${pais} \n</arg>
<doc>Logs the given message to the console.</doc>
<msg timestamp="20211027 19:25:29.571" level="TRACE">Arguments: [ '\n ja viajamos por' | 'Bolivia \n' ]</msg>
<msg timestamp="20211027 19:25:29.571" level="TRACE">Return: None</msg>
<status status="PASS" starttime="20211027 19:25:29.571" endtime="20211027 19:25:29.571"/>
</kw>
<status status="PASS" starttime="20211027 19:25:29.571" endtime="20211027 19:25:29.571"/>
</iter>
<iter>
<var name="${pais}">Usa</var>
<kw name="Log To Console" library="BuiltIn">
<arg>\n ja viajamos por</arg>
<arg>${pais} \n</arg>
<doc>Logs the given message to the console.</doc>
<msg timestamp="20211027 19:25:29.571" level="TRACE">Arguments: [ '\n ja viajamos por' | 'Usa \n' ]</msg>
<msg timestamp="20211027 19:25:29.571" level="TRACE">Return: None</msg>
<status status="PASS" starttime="20211027 19:25:29.571" endtime="20211027 19:25:29.571"/>
</kw>
<status status="PASS" starttime="20211027 19:25:29.571" endtime="20211027 19:25:29.571"/>
</iter>
<iter>
<var name="${pais}">Taliba</var>
<kw name="Log To Console" library="BuiltIn">
<arg>\n ja viajamos por</arg>
<arg>${pais} \n</arg>
<doc>Logs the given message to the console.</doc>
<msg timestamp="20211027 19:25:29.571" level="TRACE">Arguments: [ '\n ja viajamos por' | 'Taliba \n' ]</msg>
<msg timestamp="20211027 19:25:29.571" level="TRACE">Return: None</msg>
<status status="PASS" starttime="20211027 19:25:29.571" endtime="20211027 19:25:29.571"/>
</kw>
<status status="PASS" starttime="20211027 19:25:29.571" endtime="20211027 19:25:29.571"/>
</iter>
<status status="PASS" starttime="20211027 19:25:29.569" endtime="20211027 19:25:29.572"/>
</for>
<msg timestamp="20211027 19:25:29.572" level="TRACE">Return: None</msg>
<status status="PASS" starttime="20211027 19:25:29.569" endtime="20211027 19:25:29.572"/>
</kw>
<status status="PASS" starttime="20211027 19:25:29.568" endtime="20211027 19:25:29.572"/>
</test>
<status status="FAIL" starttime="20211027 19:25:29.562" endtime="20211027 19:25:29.572"/>
</suite>
<status status="FAIL" starttime="20211027 19:25:29.540" endtime="20211027 19:25:29.573"/>
</suite>
<statistics>
<total>
<stat pass="1" fail="1" skip="0">All Tests</stat>
</total>
<tag>
</tag>
<suite>
<stat pass="1" fail="1" skip="0" id="s1" name="For">For</stat>
<stat pass="1" fail="1" skip="0" id="s1-s1" name="Test For">For.Test For</stat>
</suite>
</statistics>
<errors>
</errors>
</robot>
