<?xml version="1.0" encoding="UTF-8"?>
<robot generator="Robot 4.1.2 (Python 3.10.0 on win32)" generated="20211026 22:40:25.045" rpa="false" schemaversion="2">
<suite id="s1" name="Argumentos" source="C:\Users\Maleski\OneDrive\Área de Trabalho\QA\luis.maleski_prime_experts\argumentos">
<suite id="s1-s1" name="Test Argumentos" source="C:\Users\Maleski\OneDrive\Área de Trabalho\QA\luis.maleski_prime_experts\argumentos\test_argumentos.robot">
<test id="s1-s1-t1" name="Cenario: criando email por argumentos embutidos">
<kw name="Dado que eu recebo o nome &quot;luis&quot; sobrenome &quot;maleski&quot; e a idade &quot;21&quot;" library="resource" sourcename="Dado que eu recebo o nome &quot;${nome}&quot; sobrenome &quot;${sobrenome}&quot; e a idade &quot;${idade}&quot;">
<msg timestamp="20211026 22:40:25.075" level="TRACE">Arguments: [ ${nome}='luis' | ${sobrenome}='maleski' | ${idade}='21' ]</msg>
<kw name="Set Test Variable" library="BuiltIn">
<arg>${idade_email}</arg>
<arg>${nome}</arg>
<doc>Makes a variable available everywhere within the scope of the current test.</doc>
<msg timestamp="20211026 22:40:25.076" level="TRACE">Arguments: [ '${idade_email}' | '${nome}' ]</msg>
<msg timestamp="20211026 22:40:25.076" level="INFO">${idade_email} = luis</msg>
<msg timestamp="20211026 22:40:25.076" level="TRACE">Return: None</msg>
<status status="PASS" starttime="20211026 22:40:25.076" endtime="20211026 22:40:25.076"/>
</kw>
<kw name="Set Test Variable" library="BuiltIn">
<arg>${sobrenome_email}</arg>
<arg>${sobrenome}</arg>
<doc>Makes a variable available everywhere within the scope of the current test.</doc>
<msg timestamp="20211026 22:40:25.076" level="TRACE">Arguments: [ '${sobrenome_email}' | '${sobrenome}' ]</msg>
<msg timestamp="20211026 22:40:25.077" level="INFO">${sobrenome_email} = maleski</msg>
<msg timestamp="20211026 22:40:25.077" level="TRACE">Return: None</msg>
<status status="PASS" starttime="20211026 22:40:25.076" endtime="20211026 22:40:25.077"/>
</kw>
<kw name="Set Test Variable" library="BuiltIn">
<arg>${idade_email}</arg>
<arg>${idade}</arg>
<doc>Makes a variable available everywhere within the scope of the current test.</doc>
<msg timestamp="20211026 22:40:25.077" level="TRACE">Arguments: [ '${idade_email}' | '${idade}' ]</msg>
<msg timestamp="20211026 22:40:25.077" level="INFO">${idade_email} = 21</msg>
<msg timestamp="20211026 22:40:25.077" level="TRACE">Return: None</msg>
<status status="PASS" starttime="20211026 22:40:25.077" endtime="20211026 22:40:25.077"/>
</kw>
<msg timestamp="20211026 22:40:25.077" level="TRACE">Return: None</msg>
<status status="PASS" starttime="20211026 22:40:25.075" endtime="20211026 22:40:25.077"/>
</kw>
<kw name="Quando monto o email" library="resource">
<msg timestamp="20211026 22:40:25.078" level="TRACE">Arguments: [  ]</msg>
<kw name="Catenate" library="BuiltIn">
<var>${email}</var>
<arg>${nome_email}_${sobrenome_email}_${idade_email}${prefixo_email}</arg>
<doc>Catenates the given items together and returns the resulted string.</doc>
<msg timestamp="20211026 22:40:25.078" level="TRACE">Arguments: [ '_maleski_21@robot.com' ]</msg>
<msg timestamp="20211026 22:40:25.078" level="TRACE">Return: '_maleski_21@robot.com'</msg>
<msg timestamp="20211026 22:40:25.078" level="INFO">${email} = _maleski_21@robot.com</msg>
<status status="PASS" starttime="20211026 22:40:25.078" endtime="20211026 22:40:25.079"/>
</kw>
<kw name="Set Test Variable" library="BuiltIn">
<arg>${email_pronto}</arg>
<arg>${email}</arg>
<doc>Makes a variable available everywhere within the scope of the current test.</doc>
<msg timestamp="20211026 22:40:25.079" level="TRACE">Arguments: [ '${email_pronto}' | '${email}' ]</msg>
<msg timestamp="20211026 22:40:25.079" level="INFO">${email_pronto} = _maleski_21@robot.com</msg>
<msg timestamp="20211026 22:40:25.079" level="TRACE">Return: None</msg>
<status status="PASS" starttime="20211026 22:40:25.079" endtime="20211026 22:40:25.079"/>
</kw>
<msg timestamp="20211026 22:40:25.079" level="TRACE">Return: None</msg>
<status status="PASS" starttime="20211026 22:40:25.078" endtime="20211026 22:40:25.079"/>
</kw>
<kw name="Entao imprimo o meu novo email" library="resource">
<msg timestamp="20211026 22:40:25.080" level="TRACE">Arguments: [  ]</msg>
<kw name="Log To Console" library="BuiltIn">
<arg>\n\n Bem vindo ao mundo robot, seu email e: ${email_pronto}</arg>
<doc>Logs the given message to the console.</doc>
<msg timestamp="20211026 22:40:25.080" level="TRACE">Arguments: [ '\n\n Bem vindo ao mundo robot, seu email e: _maleski_21@robot.com' ]</msg>
<msg timestamp="20211026 22:40:25.080" level="TRACE">Return: None</msg>
<status status="PASS" starttime="20211026 22:40:25.080" endtime="20211026 22:40:25.080"/>
</kw>
<msg timestamp="20211026 22:40:25.080" level="TRACE">Return: None</msg>
<status status="PASS" starttime="20211026 22:40:25.079" endtime="20211026 22:40:25.080"/>
</kw>
<status status="PASS" starttime="20211026 22:40:25.074" endtime="20211026 22:40:25.081"/>
</test>
<status status="PASS" starttime="20211026 22:40:25.069" endtime="20211026 22:40:25.082"/>
</suite>
<status status="PASS" starttime="20211026 22:40:25.046" endtime="20211026 22:40:25.082"/>
</suite>
<statistics>
<total>
<stat pass="1" fail="0" skip="0">All Tests</stat>
</total>
<tag>
</tag>
<suite>
<stat pass="1" fail="0" skip="0" id="s1" name="Argumentos">Argumentos</stat>
<stat pass="1" fail="0" skip="0" id="s1-s1" name="Test Argumentos">Argumentos.Test Argumentos</stat>
</suite>
</statistics>
<errors>
</errors>
</robot>
