<?xml version="1.0" encoding="UTF-8"?>
<robot generator="Robot 4.1.2 (Python 3.10.0 on win32)" generated="20211101 16:55:09.596" rpa="false" schemaversion="2">
<suite id="s1" name="Desafio 2" source="C:\Users\Maleski\OneDrive\Área de Trabalho\QA\luis.maleski_prime_experts\desafio_2">
<suite id="s1-s1" name="Desafio2" source="C:\Users\Maleski\OneDrive\Área de Trabalho\QA\luis.maleski_prime_experts\desafio_2\desafio2.robot">
<test id="s1-s1-t1" name="Caso de Teste 02: Pesquisar produto Não existente">
<kw name="abrir navegador chrome" library="resource" type="SETUP">
<kw name="Open Browser" library="SeleniumLibrary">
<arg>browser=chrome</arg>
<doc>Opens a new browser instance to the optional ``url``.</doc>
<msg timestamp="20211101 16:55:09.783" level="INFO">Opening browser 'chrome' to base url 'None'.</msg>
<status status="PASS" starttime="20211101 16:55:09.783" endtime="20211101 16:55:10.929"/>
</kw>
<status status="PASS" starttime="20211101 16:55:09.783" endtime="20211101 16:55:10.929"/>
</kw>
<kw name="Acessar a página home do site Automation Practice" library="resource">
<kw name="Go To" library="SeleniumLibrary">
<arg>${url}</arg>
<doc>Navigates the current browser window to the provided ``url``.</doc>
<msg timestamp="20211101 16:55:10.930" level="INFO">Opening url 'http://automationpractice.com/index.php'</msg>
<status status="PASS" starttime="20211101 16:55:10.930" endtime="20211101 16:55:16.305"/>
</kw>
<status status="PASS" starttime="20211101 16:55:10.930" endtime="20211101 16:55:16.306"/>
</kw>
<kw name="Digitar o nome do produto &quot;itemNãoExistente&quot; no campo de pesquisa" library="resource" sourcename="Digitar o nome do produto &quot;${produto}&quot; no campo de pesquisa">
<kw name="Wait Until Element Is Visible" library="SeleniumLibrary">
<arg>${Home.campo_de_busca}</arg>
<doc>Waits until the element ``locator`` is visible.</doc>
<status status="PASS" starttime="20211101 16:55:16.307" endtime="20211101 16:55:16.336"/>
</kw>
<kw name="Input Text" library="SeleniumLibrary">
<arg>${Home.campo_de_busca}</arg>
<arg>${produto}</arg>
<doc>Types the given ``text`` into the text field identified by ``locator``.</doc>
<msg timestamp="20211101 16:55:16.337" level="INFO">Typing text 'itemNãoExistente' into text field 'css:#search_query_top'.</msg>
<status status="PASS" starttime="20211101 16:55:16.336" endtime="20211101 16:55:16.392"/>
</kw>
<status status="PASS" starttime="20211101 16:55:16.306" endtime="20211101 16:55:16.393"/>
</kw>
<kw name="Clicar no botão pesquisar" library="resource">
<kw name="Wait Until Element Is Visible" library="SeleniumLibrary">
<arg>${Home.icone_de_busca}</arg>
<doc>Waits until the element ``locator`` is visible.</doc>
<status status="PASS" starttime="20211101 16:55:16.393" endtime="20211101 16:55:16.410"/>
</kw>
<kw name="Click Element" library="SeleniumLibrary">
<arg>${Home.icone_de_busca}</arg>
<doc>Click the element identified by ``locator``.</doc>
<msg timestamp="20211101 16:55:16.411" level="INFO">Clicking element '//input[@id="search_query_top"]/following-sibling::button[@type='submit']'.</msg>
<status status="PASS" starttime="20211101 16:55:16.410" endtime="20211101 16:55:21.579"/>
</kw>
<status status="PASS" starttime="20211101 16:55:16.393" endtime="20211101 16:55:21.579"/>
</kw>
<kw name="Conferir mensagem &quot;No results were found for your search &quot;itemNãoExistente&quot;" library="resource">
<kw name="Wait Until Element Is Visible" library="SeleniumLibrary">
<arg>${produtos.itemNãoExistente}</arg>
<doc>Waits until the element ``locator`` is visible.</doc>
<status status="PASS" starttime="20211101 16:55:21.580" endtime="20211101 16:55:21.608"/>
</kw>
<status status="PASS" starttime="20211101 16:55:21.580" endtime="20211101 16:55:21.609"/>
</kw>
<status status="PASS" starttime="20211101 16:55:09.782" endtime="20211101 16:55:21.609"/>
</test>
<status status="PASS" starttime="20211101 16:55:09.617" endtime="20211101 16:55:21.611"/>
</suite>
<status status="PASS" starttime="20211101 16:55:09.597" endtime="20211101 16:55:21.614"/>
</suite>
<statistics>
<total>
<stat pass="1" fail="0" skip="0">All Tests</stat>
</total>
<tag>
</tag>
<suite>
<stat pass="1" fail="0" skip="0" id="s1" name="Desafio 2">Desafio 2</stat>
<stat pass="1" fail="0" skip="0" id="s1-s1" name="Desafio2">Desafio 2.Desafio2</stat>
</suite>
</statistics>
<errors>
</errors>
</robot>
